/Users/nayslayer/Library/Python/3.9/lib/python/site-packages/urllib3/__init__.py:35: NotOpenSSLWarning: urllib3 v2 only supports OpenSSL 1.1.1+, currently the 'ssl' module is compiled with 'LibreSSL 2.8.3'. See: https://github.com/urllib3/urllib3/issues/3020
  warnings.warn(
2026-04-05 14:05:01,667 [rivalclaw.quantclaw-consumer] INFO: Queue DB not found — nothing to process
2026-04-05 14:05:01,667 [rivalclaw.quantclaw-consumer] INFO: Done — processed 0 signal(s)
/Users/nayslayer/Library/Python/3.9/lib/python/site-packages/urllib3/__init__.py:35: NotOpenSSLWarning: urllib3 v2 only supports OpenSSL 1.1.1+, currently the 'ssl' module is compiled with 'LibreSSL 2.8.3'. See: https://github.com/urllib3/urllib3/issues/3020
  warnings.warn(
2026-04-05 14:10:01,230 [rivalclaw.quantclaw-consumer] INFO: Queue DB not found — nothing to process
2026-04-05 14:10:01,230 [rivalclaw.quantclaw-consumer] INFO: Done — processed 0 signal(s)
/Users/nayslayer/Library/Python/3.9/lib/python/site-packages/urllib3/__init__.py:35: NotOpenSSLWarning: urllib3 v2 only supports OpenSSL 1.1.1+, currently the 'ssl' module is compiled with 'LibreSSL 2.8.3'. See: https://github.com/urllib3/urllib3/issues/3020
  warnings.warn(
2026-04-05 14:15:01,426 [rivalclaw.quantclaw-consumer] INFO: Queue DB not found — nothing to process
2026-04-05 14:15:01,427 [rivalclaw.quantclaw-consumer] INFO: Done — processed 0 signal(s)
/Users/nayslayer/Library/Python/3.9/lib/python/site-packages/urllib3/__init__.py:35: NotOpenSSLWarning: urllib3 v2 only supports OpenSSL 1.1.1+, currently the 'ssl' module is compiled with 'LibreSSL 2.8.3'. See: https://github.com/urllib3/urllib3/issues/3020
  warnings.warn(
2026-04-05 14:20:01,147 [rivalclaw.quantclaw-consumer] INFO: Queue DB not found — nothing to process
2026-04-05 14:20:01,147 [rivalclaw.quantclaw-consumer] INFO: Done — processed 0 signal(s)
/Users/nayslayer/Library/Python/3.9/lib/python/site-packages/urllib3/__init__.py:35: NotOpenSSLWarning: urllib3 v2 only supports OpenSSL 1.1.1+, currently the 'ssl' module is compiled with 'LibreSSL 2.8.3'. See: https://github.com/urllib3/urllib3/issues/3020
  warnings.warn(
2026-04-05 14:25:01,263 [rivalclaw.quantclaw-consumer] INFO: Queue DB not found — nothing to process
2026-04-05 14:25:01,263 [rivalclaw.quantclaw-consumer] INFO: Done — processed 0 signal(s)
/Users/nayslayer/Library/Python/3.9/lib/python/site-packages/urllib3/__init__.py:35: NotOpenSSLWarning: urllib3 v2 only supports OpenSSL 1.1.1+, currently the 'ssl' module is compiled with 'LibreSSL 2.8.3'. See: https://github.com/urllib3/urllib3/issues/3020
  warnings.warn(
2026-04-05 14:30:01,965 [rivalclaw.quantclaw-consumer] INFO: Queue DB not found — nothing to process
2026-04-05 14:30:01,965 [rivalclaw.quantclaw-consumer] INFO: Done — processed 0 signal(s)
/Users/nayslayer/Library/Python/3.9/lib/python/site-packages/urllib3/__init__.py:35: NotOpenSSLWarning: urllib3 v2 only supports OpenSSL 1.1.1+, currently the 'ssl' module is compiled with 'LibreSSL 2.8.3'. See: https://github.com/urllib3/urllib3/issues/3020
  warnings.warn(
2026-04-05 14:35:01,539 [rivalclaw.quantclaw-consumer] INFO: Queue DB not found — nothing to process
2026-04-05 14:35:01,539 [rivalclaw.quantclaw-consumer] INFO: Done — processed 0 signal(s)
/Users/nayslayer/Library/Python/3.9/lib/python/site-packages/urllib3/__init__.py:35: NotOpenSSLWarning: urllib3 v2 only supports OpenSSL 1.1.1+, currently the 'ssl' module is compiled with 'LibreSSL 2.8.3'. See: https://github.com/urllib3/urllib3/issues/3020
  warnings.warn(
2026-04-05 14:41:40,868 [rivalclaw.quantclaw-consumer] INFO: Queue DB not found — nothing to process
2026-04-05 14:41:40,868 [rivalclaw.quantclaw-consumer] INFO: Done — processed 0 signal(s)
/Users/nayslayer/Library/Python/3.9/lib/python/site-packages/urllib3/__init__.py:35: NotOpenSSLWarning: urllib3 v2 only supports OpenSSL 1.1.1+, currently the 'ssl' module is compiled with 'LibreSSL 2.8.3'. See: https://github.com/urllib3/urllib3/issues/3020
  warnings.warn(
2026-04-05 16:22:39,739 [rivalclaw.quantclaw-consumer] INFO: Queue DB not found — nothing to process
2026-04-05 16:22:39,740 [rivalclaw.quantclaw-consumer] INFO: Done — processed 0 signal(s)
/Users/nayslayer/Library/Python/3.9/lib/python/site-packages/urllib3/__init__.py:35: NotOpenSSLWarning: urllib3 v2 only supports OpenSSL 1.1.1+, currently the 'ssl' module is compiled with 'LibreSSL 2.8.3'. See: https://github.com/urllib3/urllib3/issues/3020
  warnings.warn(
2026-04-05 18:10:01,465 [rivalclaw.quantclaw-consumer] INFO: Queue DB not found — nothing to process
2026-04-05 18:10:01,466 [rivalclaw.quantclaw-consumer] INFO: Done — processed 0 signal(s)
/Users/nayslayer/Library/Python/3.9/lib/python/site-packages/urllib3/__init__.py:35: NotOpenSSLWarning: urllib3 v2 only supports OpenSSL 1.1.1+, currently the 'ssl' module is compiled with 'LibreSSL 2.8.3'. See: https://github.com/urllib3/urllib3/issues/3020
  warnings.warn(
2026-04-05 18:32:44,841 [rivalclaw.quantclaw-consumer] INFO: Queue DB not found — nothing to process
2026-04-05 18:32:44,841 [rivalclaw.quantclaw-consumer] INFO: Done — processed 0 signal(s)
/Users/nayslayer/Library/Python/3.9/lib/python/site-packages/urllib3/__init__.py:35: NotOpenSSLWarning: urllib3 v2 only supports OpenSSL 1.1.1+, currently the 'ssl' module is compiled with 'LibreSSL 2.8.3'. See: https://github.com/urllib3/urllib3/issues/3020
  warnings.warn(
2026-04-05 18:35:01,652 [rivalclaw.quantclaw-consumer] INFO: Queue DB not found — nothing to process
2026-04-05 18:35:01,653 [rivalclaw.quantclaw-consumer] INFO: Done — processed 0 signal(s)
/Users/nayslayer/Library/Python/3.9/lib/python/site-packages/urllib3/__init__.py:35: NotOpenSSLWarning: urllib3 v2 only supports OpenSSL 1.1.1+, currently the 'ssl' module is compiled with 'LibreSSL 2.8.3'. See: https://github.com/urllib3/urllib3/issues/3020
  warnings.warn(
2026-04-05 18:40:01,760 [rivalclaw.quantclaw-consumer] INFO: Queue DB not found — nothing to process
2026-04-05 18:40:01,760 [rivalclaw.quantclaw-consumer] INFO: Done — processed 0 signal(s)
/Users/nayslayer/Library/Python/3.9/lib/python/site-packages/urllib3/__init__.py:35: NotOpenSSLWarning: urllib3 v2 only supports OpenSSL 1.1.1+, currently the 'ssl' module is compiled with 'LibreSSL 2.8.3'. See: https://github.com/urllib3/urllib3/issues/3020
  warnings.warn(
2026-04-05 18:45:01,715 [rivalclaw.quantclaw-consumer] INFO: Queue DB not found — nothing to process
2026-04-05 18:45:01,715 [rivalclaw.quantclaw-consumer] INFO: Done — processed 0 signal(s)
/Users/nayslayer/Library/Python/3.9/lib/python/site-packages/urllib3/__init__.py:35: NotOpenSSLWarning: urllib3 v2 only supports OpenSSL 1.1.1+, currently the 'ssl' module is compiled with 'LibreSSL 2.8.3'. See: https://github.com/urllib3/urllib3/issues/3020
  warnings.warn(
2026-04-05 18:50:01,125 [rivalclaw.quantclaw-consumer] INFO: Queue DB not found — nothing to process
2026-04-05 18:50:01,127 [rivalclaw.quantclaw-consumer] INFO: Done — processed 0 signal(s)
/Users/nayslayer/Library/Python/3.9/lib/python/site-packages/urllib3/__init__.py:35: NotOpenSSLWarning: urllib3 v2 only supports OpenSSL 1.1.1+, currently the 'ssl' module is compiled with 'LibreSSL 2.8.3'. See: https://github.com/urllib3/urllib3/issues/3020
  warnings.warn(
2026-04-05 18:55:01,513 [rivalclaw.quantclaw-consumer] INFO: Queue DB not found — nothing to process
2026-04-05 18:55:01,513 [rivalclaw.quantclaw-consumer] INFO: Done — processed 0 signal(s)
/Users/nayslayer/Library/Python/3.9/lib/python/site-packages/urllib3/__init__.py:35: NotOpenSSLWarning: urllib3 v2 only supports OpenSSL 1.1.1+, currently the 'ssl' module is compiled with 'LibreSSL 2.8.3'. See: https://github.com/urllib3/urllib3/issues/3020
  warnings.warn(
2026-04-05 19:00:01,801 [rivalclaw.quantclaw-consumer] INFO: Queue DB not found — nothing to process
2026-04-05 19:00:01,802 [rivalclaw.quantclaw-consumer] INFO: Done — processed 0 signal(s)
/Users/nayslayer/Library/Python/3.9/lib/python/site-packages/urllib3/__init__.py:35: NotOpenSSLWarning: urllib3 v2 only supports OpenSSL 1.1.1+, currently the 'ssl' module is compiled with 'LibreSSL 2.8.3'. See: https://github.com/urllib3/urllib3/issues/3020
  warnings.warn(
2026-04-05 19:05:01,006 [rivalclaw.quantclaw-consumer] INFO: Queue DB not found — nothing to process
2026-04-05 19:05:01,006 [rivalclaw.quantclaw-consumer] INFO: Done — processed 0 signal(s)
/Users/nayslayer/Library/Python/3.9/lib/python/site-packages/urllib3/__init__.py:35: NotOpenSSLWarning: urllib3 v2 only supports OpenSSL 1.1.1+, currently the 'ssl' module is compiled with 'LibreSSL 2.8.3'. See: https://github.com/urllib3/urllib3/issues/3020
  warnings.warn(
2026-04-05 19:10:01,726 [rivalclaw.quantclaw-consumer] INFO: Queue DB not found — nothing to process
2026-04-05 19:10:01,726 [rivalclaw.quantclaw-consumer] INFO: Done — processed 0 signal(s)
/Users/nayslayer/Library/Python/3.9/lib/python/site-packages/urllib3/__init__.py:35: NotOpenSSLWarning: urllib3 v2 only supports OpenSSL 1.1.1+, currently the 'ssl' module is compiled with 'LibreSSL 2.8.3'. See: https://github.com/urllib3/urllib3/issues/3020
  warnings.warn(
2026-04-05 19:15:01,249 [rivalclaw.quantclaw-consumer] INFO: Queue DB not found — nothing to process
2026-04-05 19:15:01,249 [rivalclaw.quantclaw-consumer] INFO: Done — processed 0 signal(s)
/Users/nayslayer/Library/Python/3.9/lib/python/site-packages/urllib3/__init__.py:35: NotOpenSSLWarning: urllib3 v2 only supports OpenSSL 1.1.1+, currently the 'ssl' module is compiled with 'LibreSSL 2.8.3'. See: https://github.com/urllib3/urllib3/issues/3020
  warnings.warn(
2026-04-05 19:20:01,426 [rivalclaw.quantclaw-consumer] INFO: Queue DB not found — nothing to process
2026-04-05 19:20:01,427 [rivalclaw.quantclaw-consumer] INFO: Done — processed 0 signal(s)
/Users/nayslayer/Library/Python/3.9/lib/python/site-packages/urllib3/__init__.py:35: NotOpenSSLWarning: urllib3 v2 only supports OpenSSL 1.1.1+, currently the 'ssl' module is compiled with 'LibreSSL 2.8.3'. See: https://github.com/urllib3/urllib3/issues/3020
  warnings.warn(
2026-04-05 19:25:01,555 [rivalclaw.quantclaw-consumer] INFO: Queue DB not found — nothing to process
2026-04-05 19:25:01,556 [rivalclaw.quantclaw-consumer] INFO: Done — processed 0 signal(s)
/Users/nayslayer/Library/Python/3.9/lib/python/site-packages/urllib3/__init__.py:35: NotOpenSSLWarning: urllib3 v2 only supports OpenSSL 1.1.1+, currently the 'ssl' module is compiled with 'LibreSSL 2.8.3'. See: https://github.com/urllib3/urllib3/issues/3020
  warnings.warn(
2026-04-05 19:30:01,737 [rivalclaw.quantclaw-consumer] INFO: Queue DB not found — nothing to process
2026-04-05 19:30:01,738 [rivalclaw.quantclaw-consumer] INFO: Done — processed 0 signal(s)
/Users/nayslayer/Library/Python/3.9/lib/python/site-packages/urllib3/__init__.py:35: NotOpenSSLWarning: urllib3 v2 only supports OpenSSL 1.1.1+, currently the 'ssl' module is compiled with 'LibreSSL 2.8.3'. See: https://github.com/urllib3/urllib3/issues/3020
  warnings.warn(
2026-04-05 19:35:00,992 [rivalclaw.quantclaw-consumer] INFO: Queue DB not found — nothing to process
2026-04-05 19:35:00,993 [rivalclaw.quantclaw-consumer] INFO: Done — processed 0 signal(s)
/Users/nayslayer/Library/Python/3.9/lib/python/site-packages/urllib3/__init__.py:35: NotOpenSSLWarning: urllib3 v2 only supports OpenSSL 1.1.1+, currently the 'ssl' module is compiled with 'LibreSSL 2.8.3'. See: https://github.com/urllib3/urllib3/issues/3020
  warnings.warn(
2026-04-05 19:40:01,428 [rivalclaw.quantclaw-consumer] INFO: Queue DB not found — nothing to process
2026-04-05 19:40:01,429 [rivalclaw.quantclaw-consumer] INFO: Done — processed 0 signal(s)
/Users/nayslayer/Library/Python/3.9/lib/python/site-packages/urllib3/__init__.py:35: NotOpenSSLWarning: urllib3 v2 only supports OpenSSL 1.1.1+, currently the 'ssl' module is compiled with 'LibreSSL 2.8.3'. See: https://github.com/urllib3/urllib3/issues/3020
  warnings.warn(
2026-04-05 19:45:01,059 [rivalclaw.quantclaw-consumer] INFO: Queue DB not found — nothing to process
2026-04-05 19:45:01,060 [rivalclaw.quantclaw-consumer] INFO: Done — processed 0 signal(s)
/Users/nayslayer/Library/Python/3.9/lib/python/site-packages/urllib3/__init__.py:35: NotOpenSSLWarning: urllib3 v2 only supports OpenSSL 1.1.1+, currently the 'ssl' module is compiled with 'LibreSSL 2.8.3'. See: https://github.com/urllib3/urllib3/issues/3020
  warnings.warn(
2026-04-05 19:50:01,691 [rivalclaw.quantclaw-consumer] INFO: Queue DB not found — nothing to process
2026-04-05 19:50:01,691 [rivalclaw.quantclaw-consumer] INFO: Done — processed 0 signal(s)
/Users/nayslayer/Library/Python/3.9/lib/python/site-packages/urllib3/__init__.py:35: NotOpenSSLWarning: urllib3 v2 only supports OpenSSL 1.1.1+, currently the 'ssl' module is compiled with 'LibreSSL 2.8.3'. See: https://github.com/urllib3/urllib3/issues/3020
  warnings.warn(
2026-04-05 19:55:01,959 [rivalclaw.quantclaw-consumer] INFO: Queue DB not found — nothing to process
2026-04-05 19:55:01,960 [rivalclaw.quantclaw-consumer] INFO: Done — processed 0 signal(s)
/Users/nayslayer/Library/Python/3.9/lib/python/site-packages/urllib3/__init__.py:35: NotOpenSSLWarning: urllib3 v2 only supports OpenSSL 1.1.1+, currently the 'ssl' module is compiled with 'LibreSSL 2.8.3'. See: https://github.com/urllib3/urllib3/issues/3020
  warnings.warn(
2026-04-05 20:00:02,229 [rivalclaw.quantclaw-consumer] INFO: Queue DB not found — nothing to process
2026-04-05 20:00:02,229 [rivalclaw.quantclaw-consumer] INFO: Done — processed 0 signal(s)
/Users/nayslayer/Library/Python/3.9/lib/python/site-packages/urllib3/__init__.py:35: NotOpenSSLWarning: urllib3 v2 only supports OpenSSL 1.1.1+, currently the 'ssl' module is compiled with 'LibreSSL 2.8.3'. See: https://github.com/urllib3/urllib3/issues/3020
  warnings.warn(
2026-04-05 20:05:01,902 [rivalclaw.quantclaw-consumer] INFO: Queue DB not found — nothing to process
2026-04-05 20:05:01,902 [rivalclaw.quantclaw-consumer] INFO: Done — processed 0 signal(s)
/Users/nayslayer/Library/Python/3.9/lib/python/site-packages/urllib3/__init__.py:35: NotOpenSSLWarning: urllib3 v2 only supports OpenSSL 1.1.1+, currently the 'ssl' module is compiled with 'LibreSSL 2.8.3'. See: https://github.com/urllib3/urllib3/issues/3020
  warnings.warn(
2026-04-05 20:10:01,719 [rivalclaw.quantclaw-consumer] INFO: Queue DB not found — nothing to process
2026-04-05 20:10:01,720 [rivalclaw.quantclaw-consumer] INFO: Done — processed 0 signal(s)
/Users/nayslayer/Library/Python/3.9/lib/python/site-packages/urllib3/__init__.py:35: NotOpenSSLWarning: urllib3 v2 only supports OpenSSL 1.1.1+, currently the 'ssl' module is compiled with 'LibreSSL 2.8.3'. See: https://github.com/urllib3/urllib3/issues/3020
  warnings.warn(
2026-04-05 20:15:01,741 [rivalclaw.quantclaw-consumer] INFO: Queue DB not found — nothing to process
2026-04-05 20:15:01,741 [rivalclaw.quantclaw-consumer] INFO: Done — processed 0 signal(s)
/Users/nayslayer/Library/Python/3.9/lib/python/site-packages/urllib3/__init__.py:35: NotOpenSSLWarning: urllib3 v2 only supports OpenSSL 1.1.1+, currently the 'ssl' module is compiled with 'LibreSSL 2.8.3'. See: https://github.com/urllib3/urllib3/issues/3020
  warnings.warn(
2026-04-05 20:20:01,361 [rivalclaw.quantclaw-consumer] INFO: Queue DB not found — nothing to process
2026-04-05 20:20:01,361 [rivalclaw.quantclaw-consumer] INFO: Done — processed 0 signal(s)
/Users/nayslayer/Library/Python/3.9/lib/python/site-packages/urllib3/__init__.py:35: NotOpenSSLWarning: urllib3 v2 only supports OpenSSL 1.1.1+, currently the 'ssl' module is compiled with 'LibreSSL 2.8.3'. See: https://github.com/urllib3/urllib3/issues/3020
  warnings.warn(
2026-04-05 20:25:01,731 [rivalclaw.quantclaw-consumer] INFO: Queue DB not found — nothing to process
2026-04-05 20:25:01,731 [rivalclaw.quantclaw-consumer] INFO: Done — processed 0 signal(s)
/Users/nayslayer/Library/Python/3.9/lib/python/site-packages/urllib3/__init__.py:35: NotOpenSSLWarning: urllib3 v2 only supports OpenSSL 1.1.1+, currently the 'ssl' module is compiled with 'LibreSSL 2.8.3'. See: https://github.com/urllib3/urllib3/issues/3020
  warnings.warn(
2026-04-05 20:30:01,464 [rivalclaw.quantclaw-consumer] INFO: Queue DB not found — nothing to process
2026-04-05 20:30:01,464 [rivalclaw.quantclaw-consumer] INFO: Done — processed 0 signal(s)
/Users/nayslayer/Library/Python/3.9/lib/python/site-packages/urllib3/__init__.py:35: NotOpenSSLWarning: urllib3 v2 only supports OpenSSL 1.1.1+, currently the 'ssl' module is compiled with 'LibreSSL 2.8.3'. See: https://github.com/urllib3/urllib3/issues/3020
  warnings.warn(
2026-04-05 20:35:01,806 [rivalclaw.quantclaw-consumer] INFO: Queue DB not found — nothing to process
2026-04-05 20:35:01,806 [rivalclaw.quantclaw-consumer] INFO: Done — processed 0 signal(s)
/Users/nayslayer/Library/Python/3.9/lib/python/site-packages/urllib3/__init__.py:35: NotOpenSSLWarning: urllib3 v2 only supports OpenSSL 1.1.1+, currently the 'ssl' module is compiled with 'LibreSSL 2.8.3'. See: https://github.com/urllib3/urllib3/issues/3020
  warnings.warn(
2026-04-05 20:40:01,831 [rivalclaw.quantclaw-consumer] INFO: Queue DB not found — nothing to process
2026-04-05 20:40:01,831 [rivalclaw.quantclaw-consumer] INFO: Done — processed 0 signal(s)
/Users/nayslayer/Library/Python/3.9/lib/python/site-packages/urllib3/__init__.py:35: NotOpenSSLWarning: urllib3 v2 only supports OpenSSL 1.1.1+, currently the 'ssl' module is compiled with 'LibreSSL 2.8.3'. See: https://github.com/urllib3/urllib3/issues/3020
  warnings.warn(
2026-04-05 20:45:01,160 [rivalclaw.quantclaw-consumer] INFO: Queue DB not found — nothing to process
2026-04-05 20:45:01,161 [rivalclaw.quantclaw-consumer] INFO: Done — processed 0 signal(s)
/Users/nayslayer/Library/Python/3.9/lib/python/site-packages/urllib3/__init__.py:35: NotOpenSSLWarning: urllib3 v2 only supports OpenSSL 1.1.1+, currently the 'ssl' module is compiled with 'LibreSSL 2.8.3'. See: https://github.com/urllib3/urllib3/issues/3020
  warnings.warn(
2026-04-05 20:50:01,938 [rivalclaw.quantclaw-consumer] INFO: Queue DB not found — nothing to process
2026-04-05 20:50:01,939 [rivalclaw.quantclaw-consumer] INFO: Done — processed 0 signal(s)
/Users/nayslayer/Library/Python/3.9/lib/python/site-packages/urllib3/__init__.py:35: NotOpenSSLWarning: urllib3 v2 only supports OpenSSL 1.1.1+, currently the 'ssl' module is compiled with 'LibreSSL 2.8.3'. See: https://github.com/urllib3/urllib3/issues/3020
  warnings.warn(
2026-04-05 20:55:01,739 [rivalclaw.quantclaw-consumer] INFO: Queue DB not found — nothing to process
2026-04-05 20:55:01,739 [rivalclaw.quantclaw-consumer] INFO: Done — processed 0 signal(s)
/Users/nayslayer/Library/Python/3.9/lib/python/site-packages/urllib3/__init__.py:35: NotOpenSSLWarning: urllib3 v2 only supports OpenSSL 1.1.1+, currently the 'ssl' module is compiled with 'LibreSSL 2.8.3'. See: https://github.com/urllib3/urllib3/issues/3020
  warnings.warn(
2026-04-05 21:00:01,872 [rivalclaw.quantclaw-consumer] INFO: Queue DB not found — nothing to process
2026-04-05 21:00:01,872 [rivalclaw.quantclaw-consumer] INFO: Done — processed 0 signal(s)
/Users/nayslayer/Library/Python/3.9/lib/python/site-packages/urllib3/__init__.py:35: NotOpenSSLWarning: urllib3 v2 only supports OpenSSL 1.1.1+, currently the 'ssl' module is compiled with 'LibreSSL 2.8.3'. See: https://github.com/urllib3/urllib3/issues/3020
  warnings.warn(
2026-04-05 21:05:02,217 [rivalclaw.quantclaw-consumer] INFO: Queue DB not found — nothing to process
2026-04-05 21:05:02,217 [rivalclaw.quantclaw-consumer] INFO: Done — processed 0 signal(s)
/Users/nayslayer/Library/Python/3.9/lib/python/site-packages/urllib3/__init__.py:35: NotOpenSSLWarning: urllib3 v2 only supports OpenSSL 1.1.1+, currently the 'ssl' module is compiled with 'LibreSSL 2.8.3'. See: https://github.com/urllib3/urllib3/issues/3020
  warnings.warn(
2026-04-05 21:10:01,170 [rivalclaw.quantclaw-consumer] INFO: Queue DB not found — nothing to process
2026-04-05 21:10:01,170 [rivalclaw.quantclaw-consumer] INFO: Done — processed 0 signal(s)
/Users/nayslayer/Library/Python/3.9/lib/python/site-packages/urllib3/__init__.py:35: NotOpenSSLWarning: urllib3 v2 only supports OpenSSL 1.1.1+, currently the 'ssl' module is compiled with 'LibreSSL 2.8.3'. See: https://github.com/urllib3/urllib3/issues/3020
  warnings.warn(
2026-04-05 21:15:01,348 [rivalclaw.quantclaw-consumer] INFO: Queue DB not found — nothing to process
2026-04-05 21:15:01,348 [rivalclaw.quantclaw-consumer] INFO: Done — processed 0 signal(s)
/Users/nayslayer/Library/Python/3.9/lib/python/site-packages/urllib3/__init__.py:35: NotOpenSSLWarning: urllib3 v2 only supports OpenSSL 1.1.1+, currently the 'ssl' module is compiled with 'LibreSSL 2.8.3'. See: https://github.com/urllib3/urllib3/issues/3020
  warnings.warn(
2026-04-05 21:20:01,258 [rivalclaw.quantclaw-consumer] INFO: Queue DB not found — nothing to process
2026-04-05 21:20:01,258 [rivalclaw.quantclaw-consumer] INFO: Done — processed 0 signal(s)
/Users/nayslayer/Library/Python/3.9/lib/python/site-packages/urllib3/__init__.py:35: NotOpenSSLWarning: urllib3 v2 only supports OpenSSL 1.1.1+, currently the 'ssl' module is compiled with 'LibreSSL 2.8.3'. See: https://github.com/urllib3/urllib3/issues/3020
  warnings.warn(
2026-04-05 21:25:01,358 [rivalclaw.quantclaw-consumer] INFO: Queue DB not found — nothing to process
2026-04-05 21:25:01,358 [rivalclaw.quantclaw-consumer] INFO: Done — processed 0 signal(s)
/Users/nayslayer/Library/Python/3.9/lib/python/site-packages/urllib3/__init__.py:35: NotOpenSSLWarning: urllib3 v2 only supports OpenSSL 1.1.1+, currently the 'ssl' module is compiled with 'LibreSSL 2.8.3'. See: https://github.com/urllib3/urllib3/issues/3020
  warnings.warn(
2026-04-05 21:30:01,522 [rivalclaw.quantclaw-consumer] INFO: Queue DB not found — nothing to process
2026-04-05 21:30:01,522 [rivalclaw.quantclaw-consumer] INFO: Done — processed 0 signal(s)
/Users/nayslayer/Library/Python/3.9/lib/python/site-packages/urllib3/__init__.py:35: NotOpenSSLWarning: urllib3 v2 only supports OpenSSL 1.1.1+, currently the 'ssl' module is compiled with 'LibreSSL 2.8.3'. See: https://github.com/urllib3/urllib3/issues/3020
  warnings.warn(
2026-04-05 21:35:01,894 [rivalclaw.quantclaw-consumer] INFO: Queue DB not found — nothing to process
2026-04-05 21:35:01,894 [rivalclaw.quantclaw-consumer] INFO: Done — processed 0 signal(s)
/Users/nayslayer/Library/Python/3.9/lib/python/site-packages/urllib3/__init__.py:35: NotOpenSSLWarning: urllib3 v2 only supports OpenSSL 1.1.1+, currently the 'ssl' module is compiled with 'LibreSSL 2.8.3'. See: https://github.com/urllib3/urllib3/issues/3020
  warnings.warn(
2026-04-05 21:40:01,261 [rivalclaw.quantclaw-consumer] INFO: Queue DB not found — nothing to process
2026-04-05 21:40:01,261 [rivalclaw.quantclaw-consumer] INFO: Done — processed 0 signal(s)
/Users/nayslayer/Library/Python/3.9/lib/python/site-packages/urllib3/__init__.py:35: NotOpenSSLWarning: urllib3 v2 only supports OpenSSL 1.1.1+, currently the 'ssl' module is compiled with 'LibreSSL 2.8.3'. See: https://github.com/urllib3/urllib3/issues/3020
  warnings.warn(
2026-04-05 21:45:01,702 [rivalclaw.quantclaw-consumer] INFO: Queue DB not found — nothing to process
2026-04-05 21:45:01,702 [rivalclaw.quantclaw-consumer] INFO: Done — processed 0 signal(s)
/Users/nayslayer/Library/Python/3.9/lib/python/site-packages/urllib3/__init__.py:35: NotOpenSSLWarning: urllib3 v2 only supports OpenSSL 1.1.1+, currently the 'ssl' module is compiled with 'LibreSSL 2.8.3'. See: https://github.com/urllib3/urllib3/issues/3020
  warnings.warn(
2026-04-05 21:50:01,417 [rivalclaw.quantclaw-consumer] INFO: Queue DB not found — nothing to process
2026-04-05 21:50:01,419 [rivalclaw.quantclaw-consumer] INFO: Done — processed 0 signal(s)
/Users/nayslayer/Library/Python/3.9/lib/python/site-packages/urllib3/__init__.py:35: NotOpenSSLWarning: urllib3 v2 only supports OpenSSL 1.1.1+, currently the 'ssl' module is compiled with 'LibreSSL 2.8.3'. See: https://github.com/urllib3/urllib3/issues/3020
  warnings.warn(
2026-04-05 21:55:01,552 [rivalclaw.quantclaw-consumer] INFO: Queue DB not found — nothing to process
2026-04-05 21:55:01,552 [rivalclaw.quantclaw-consumer] INFO: Done — processed 0 signal(s)
/Users/nayslayer/Library/Python/3.9/lib/python/site-packages/urllib3/__init__.py:35: NotOpenSSLWarning: urllib3 v2 only supports OpenSSL 1.1.1+, currently the 'ssl' module is compiled with 'LibreSSL 2.8.3'. See: https://github.com/urllib3/urllib3/issues/3020
  warnings.warn(
2026-04-05 22:00:01,740 [rivalclaw.quantclaw-consumer] INFO: Queue DB not found — nothing to process
2026-04-05 22:00:01,740 [rivalclaw.quantclaw-consumer] INFO: Done — processed 0 signal(s)
/Users/nayslayer/Library/Python/3.9/lib/python/site-packages/urllib3/__init__.py:35: NotOpenSSLWarning: urllib3 v2 only supports OpenSSL 1.1.1+, currently the 'ssl' module is compiled with 'LibreSSL 2.8.3'. See: https://github.com/urllib3/urllib3/issues/3020
  warnings.warn(
2026-04-05 22:05:01,550 [rivalclaw.quantclaw-consumer] INFO: Queue DB not found — nothing to process
2026-04-05 22:05:01,550 [rivalclaw.quantclaw-consumer] INFO: Done — processed 0 signal(s)
/Users/nayslayer/Library/Python/3.9/lib/python/site-packages/urllib3/__init__.py:35: NotOpenSSLWarning: urllib3 v2 only supports OpenSSL 1.1.1+, currently the 'ssl' module is compiled with 'LibreSSL 2.8.3'. See: https://github.com/urllib3/urllib3/issues/3020
  warnings.warn(
2026-04-05 22:10:01,634 [rivalclaw.quantclaw-consumer] INFO: Queue DB not found — nothing to process
2026-04-05 22:10:01,634 [rivalclaw.quantclaw-consumer] INFO: Done — processed 0 signal(s)
/Users/nayslayer/Library/Python/3.9/lib/python/site-packages/urllib3/__init__.py:35: NotOpenSSLWarning: urllib3 v2 only supports OpenSSL 1.1.1+, currently the 'ssl' module is compiled with 'LibreSSL 2.8.3'. See: https://github.com/urllib3/urllib3/issues/3020
  warnings.warn(
2026-04-05 22:15:01,109 [rivalclaw.quantclaw-consumer] INFO: Queue DB not found — nothing to process
2026-04-05 22:15:01,110 [rivalclaw.quantclaw-consumer] INFO: Done — processed 0 signal(s)
/Users/nayslayer/Library/Python/3.9/lib/python/site-packages/urllib3/__init__.py:35: NotOpenSSLWarning: urllib3 v2 only supports OpenSSL 1.1.1+, currently the 'ssl' module is compiled with 'LibreSSL 2.8.3'. See: https://github.com/urllib3/urllib3/issues/3020
  warnings.warn(
2026-04-05 22:20:01,135 [rivalclaw.quantclaw-consumer] INFO: Queue DB not found — nothing to process
2026-04-05 22:20:01,135 [rivalclaw.quantclaw-consumer] INFO: Done — processed 0 signal(s)
/Users/nayslayer/Library/Python/3.9/lib/python/site-packages/urllib3/__init__.py:35: NotOpenSSLWarning: urllib3 v2 only supports OpenSSL 1.1.1+, currently the 'ssl' module is compiled with 'LibreSSL 2.8.3'. See: https://github.com/urllib3/urllib3/issues/3020
  warnings.warn(
2026-04-05 22:25:01,038 [rivalclaw.quantclaw-consumer] INFO: Queue DB not found — nothing to process
2026-04-05 22:25:01,039 [rivalclaw.quantclaw-consumer] INFO: Done — processed 0 signal(s)
/Users/nayslayer/Library/Python/3.9/lib/python/site-packages/urllib3/__init__.py:35: NotOpenSSLWarning: urllib3 v2 only supports OpenSSL 1.1.1+, currently the 'ssl' module is compiled with 'LibreSSL 2.8.3'. See: https://github.com/urllib3/urllib3/issues/3020
  warnings.warn(
2026-04-05 22:30:01,486 [rivalclaw.quantclaw-consumer] INFO: Queue DB not found — nothing to process
2026-04-05 22:30:01,486 [rivalclaw.quantclaw-consumer] INFO: Done — processed 0 signal(s)
/Users/nayslayer/Library/Python/3.9/lib/python/site-packages/urllib3/__init__.py:35: NotOpenSSLWarning: urllib3 v2 only supports OpenSSL 1.1.1+, currently the 'ssl' module is compiled with 'LibreSSL 2.8.3'. See: https://github.com/urllib3/urllib3/issues/3020
  warnings.warn(
2026-04-05 22:35:01,182 [rivalclaw.quantclaw-consumer] INFO: Queue DB not found — nothing to process
2026-04-05 22:35:01,182 [rivalclaw.quantclaw-consumer] INFO: Done — processed 0 signal(s)
/Users/nayslayer/Library/Python/3.9/lib/python/site-packages/urllib3/__init__.py:35: NotOpenSSLWarning: urllib3 v2 only supports OpenSSL 1.1.1+, currently the 'ssl' module is compiled with 'LibreSSL 2.8.3'. See: https://github.com/urllib3/urllib3/issues/3020
  warnings.warn(
2026-04-05 22:40:01,524 [rivalclaw.quantclaw-consumer] INFO: Queue DB not found — nothing to process
2026-04-05 22:40:01,524 [rivalclaw.quantclaw-consumer] INFO: Done — processed 0 signal(s)
/Users/nayslayer/Library/Python/3.9/lib/python/site-packages/urllib3/__init__.py:35: NotOpenSSLWarning: urllib3 v2 only supports OpenSSL 1.1.1+, currently the 'ssl' module is compiled with 'LibreSSL 2.8.3'. See: https://github.com/urllib3/urllib3/issues/3020
  warnings.warn(
2026-04-05 22:45:01,013 [rivalclaw.quantclaw-consumer] INFO: Queue DB not found — nothing to process
2026-04-05 22:45:01,013 [rivalclaw.quantclaw-consumer] INFO: Done — processed 0 signal(s)
/Users/nayslayer/Library/Python/3.9/lib/python/site-packages/urllib3/__init__.py:35: NotOpenSSLWarning: urllib3 v2 only supports OpenSSL 1.1.1+, currently the 'ssl' module is compiled with 'LibreSSL 2.8.3'. See: https://github.com/urllib3/urllib3/issues/3020
  warnings.warn(
2026-04-05 22:50:01,541 [rivalclaw.quantclaw-consumer] INFO: Queue DB not found — nothing to process
2026-04-05 22:50:01,541 [rivalclaw.quantclaw-consumer] INFO: Done — processed 0 signal(s)
/Users/nayslayer/Library/Python/3.9/lib/python/site-packages/urllib3/__init__.py:35: NotOpenSSLWarning: urllib3 v2 only supports OpenSSL 1.1.1+, currently the 'ssl' module is compiled with 'LibreSSL 2.8.3'. See: https://github.com/urllib3/urllib3/issues/3020
  warnings.warn(
2026-04-05 22:55:00,590 [rivalclaw.quantclaw-consumer] INFO: Queue DB not found — nothing to process
2026-04-05 22:55:00,590 [rivalclaw.quantclaw-consumer] INFO: Done — processed 0 signal(s)
/Users/nayslayer/Library/Python/3.9/lib/python/site-packages/urllib3/__init__.py:35: NotOpenSSLWarning: urllib3 v2 only supports OpenSSL 1.1.1+, currently the 'ssl' module is compiled with 'LibreSSL 2.8.3'. See: https://github.com/urllib3/urllib3/issues/3020
  warnings.warn(
2026-04-05 23:00:00,976 [rivalclaw.quantclaw-consumer] INFO: Queue DB not found — nothing to process
2026-04-05 23:00:00,976 [rivalclaw.quantclaw-consumer] INFO: Done — processed 0 signal(s)
/Users/nayslayer/Library/Python/3.9/lib/python/site-packages/urllib3/__init__.py:35: NotOpenSSLWarning: urllib3 v2 only supports OpenSSL 1.1.1+, currently the 'ssl' module is compiled with 'LibreSSL 2.8.3'. See: https://github.com/urllib3/urllib3/issues/3020
  warnings.warn(
2026-04-05 23:05:00,868 [rivalclaw.quantclaw-consumer] INFO: Queue DB not found — nothing to process
2026-04-05 23:05:00,869 [rivalclaw.quantclaw-consumer] INFO: Done — processed 0 signal(s)
/Users/nayslayer/Library/Python/3.9/lib/python/site-packages/urllib3/__init__.py:35: NotOpenSSLWarning: urllib3 v2 only supports OpenSSL 1.1.1+, currently the 'ssl' module is compiled with 'LibreSSL 2.8.3'. See: https://github.com/urllib3/urllib3/issues/3020
  warnings.warn(
2026-04-05 23:10:00,930 [rivalclaw.quantclaw-consumer] INFO: Queue DB not found — nothing to process
2026-04-05 23:10:00,930 [rivalclaw.quantclaw-consumer] INFO: Done — processed 0 signal(s)
/Users/nayslayer/Library/Python/3.9/lib/python/site-packages/urllib3/__init__.py:35: NotOpenSSLWarning: urllib3 v2 only supports OpenSSL 1.1.1+, currently the 'ssl' module is compiled with 'LibreSSL 2.8.3'. See: https://github.com/urllib3/urllib3/issues/3020
  warnings.warn(
2026-04-05 23:15:01,225 [rivalclaw.quantclaw-consumer] INFO: Queue DB not found — nothing to process
2026-04-05 23:15:01,226 [rivalclaw.quantclaw-consumer] INFO: Done — processed 0 signal(s)
/Users/nayslayer/Library/Python/3.9/lib/python/site-packages/urllib3/__init__.py:35: NotOpenSSLWarning: urllib3 v2 only supports OpenSSL 1.1.1+, currently the 'ssl' module is compiled with 'LibreSSL 2.8.3'. See: https://github.com/urllib3/urllib3/issues/3020
  warnings.warn(
2026-04-05 23:20:00,988 [rivalclaw.quantclaw-consumer] INFO: Queue DB not found — nothing to process
2026-04-05 23:20:00,988 [rivalclaw.quantclaw-consumer] INFO: Done — processed 0 signal(s)
/Users/nayslayer/Library/Python/3.9/lib/python/site-packages/urllib3/__init__.py:35: NotOpenSSLWarning: urllib3 v2 only supports OpenSSL 1.1.1+, currently the 'ssl' module is compiled with 'LibreSSL 2.8.3'. See: https://github.com/urllib3/urllib3/issues/3020
  warnings.warn(
2026-04-05 23:25:01,457 [rivalclaw.quantclaw-consumer] INFO: Queue DB not found — nothing to process
2026-04-05 23:25:01,457 [rivalclaw.quantclaw-consumer] INFO: Done — processed 0 signal(s)
/Users/nayslayer/Library/Python/3.9/lib/python/site-packages/urllib3/__init__.py:35: NotOpenSSLWarning: urllib3 v2 only supports OpenSSL 1.1.1+, currently the 'ssl' module is compiled with 'LibreSSL 2.8.3'. See: https://github.com/urllib3/urllib3/issues/3020
  warnings.warn(
2026-04-05 23:30:01,400 [rivalclaw.quantclaw-consumer] INFO: Queue DB not found — nothing to process
2026-04-05 23:30:01,400 [rivalclaw.quantclaw-consumer] INFO: Done — processed 0 signal(s)
/Users/nayslayer/Library/Python/3.9/lib/python/site-packages/urllib3/__init__.py:35: NotOpenSSLWarning: urllib3 v2 only supports OpenSSL 1.1.1+, currently the 'ssl' module is compiled with 'LibreSSL 2.8.3'. See: https://github.com/urllib3/urllib3/issues/3020
  warnings.warn(
2026-04-05 23:35:00,994 [rivalclaw.quantclaw-consumer] INFO: Queue DB not found — nothing to process
2026-04-05 23:35:00,994 [rivalclaw.quantclaw-consumer] INFO: Done — processed 0 signal(s)
/Users/nayslayer/Library/Python/3.9/lib/python/site-packages/urllib3/__init__.py:35: NotOpenSSLWarning: urllib3 v2 only supports OpenSSL 1.1.1+, currently the 'ssl' module is compiled with 'LibreSSL 2.8.3'. See: https://github.com/urllib3/urllib3/issues/3020
  warnings.warn(
2026-04-05 23:40:01,945 [rivalclaw.quantclaw-consumer] INFO: Queue DB not found — nothing to process
2026-04-05 23:40:01,946 [rivalclaw.quantclaw-consumer] INFO: Done — processed 0 signal(s)
/Users/nayslayer/Library/Python/3.9/lib/python/site-packages/urllib3/__init__.py:35: NotOpenSSLWarning: urllib3 v2 only supports OpenSSL 1.1.1+, currently the 'ssl' module is compiled with 'LibreSSL 2.8.3'. See: https://github.com/urllib3/urllib3/issues/3020
  warnings.warn(
2026-04-05 23:45:01,758 [rivalclaw.quantclaw-consumer] INFO: Queue DB not found — nothing to process
2026-04-05 23:45:01,758 [rivalclaw.quantclaw-consumer] INFO: Done — processed 0 signal(s)
/Users/nayslayer/Library/Python/3.9/lib/python/site-packages/urllib3/__init__.py:35: NotOpenSSLWarning: urllib3 v2 only supports OpenSSL 1.1.1+, currently the 'ssl' module is compiled with 'LibreSSL 2.8.3'. See: https://github.com/urllib3/urllib3/issues/3020
  warnings.warn(
2026-04-05 23:50:00,852 [rivalclaw.quantclaw-consumer] INFO: Queue DB not found — nothing to process
2026-04-05 23:50:00,852 [rivalclaw.quantclaw-consumer] INFO: Done — processed 0 signal(s)
/Users/nayslayer/Library/Python/3.9/lib/python/site-packages/urllib3/__init__.py:35: NotOpenSSLWarning: urllib3 v2 only supports OpenSSL 1.1.1+, currently the 'ssl' module is compiled with 'LibreSSL 2.8.3'. See: https://github.com/urllib3/urllib3/issues/3020
  warnings.warn(
2026-04-05 23:55:01,763 [rivalclaw.quantclaw-consumer] INFO: Queue DB not found — nothing to process
2026-04-05 23:55:01,764 [rivalclaw.quantclaw-consumer] INFO: Done — processed 0 signal(s)
/Users/nayslayer/Library/Python/3.9/lib/python/site-packages/urllib3/__init__.py:35: NotOpenSSLWarning: urllib3 v2 only supports OpenSSL 1.1.1+, currently the 'ssl' module is compiled with 'LibreSSL 2.8.3'. See: https://github.com/urllib3/urllib3/issues/3020
  warnings.warn(
2026-04-06 00:00:01,310 [rivalclaw.quantclaw-consumer] INFO: Queue DB not found — nothing to process
2026-04-06 00:00:01,310 [rivalclaw.quantclaw-consumer] INFO: Done — processed 0 signal(s)
/Users/nayslayer/Library/Python/3.9/lib/python/site-packages/urllib3/__init__.py:35: NotOpenSSLWarning: urllib3 v2 only supports OpenSSL 1.1.1+, currently the 'ssl' module is compiled with 'LibreSSL 2.8.3'. See: https://github.com/urllib3/urllib3/issues/3020
  warnings.warn(
2026-04-06 00:05:01,503 [rivalclaw.quantclaw-consumer] INFO: Queue DB not found — nothing to process
2026-04-06 00:05:01,503 [rivalclaw.quantclaw-consumer] INFO: Done — processed 0 signal(s)
/Users/nayslayer/Library/Python/3.9/lib/python/site-packages/urllib3/__init__.py:35: NotOpenSSLWarning: urllib3 v2 only supports OpenSSL 1.1.1+, currently the 'ssl' module is compiled with 'LibreSSL 2.8.3'. See: https://github.com/urllib3/urllib3/issues/3020
  warnings.warn(
2026-04-06 00:10:01,327 [rivalclaw.quantclaw-consumer] INFO: Queue DB not found — nothing to process
2026-04-06 00:10:01,327 [rivalclaw.quantclaw-consumer] INFO: Done — processed 0 signal(s)
/Users/nayslayer/Library/Python/3.9/lib/python/site-packages/urllib3/__init__.py:35: NotOpenSSLWarning: urllib3 v2 only supports OpenSSL 1.1.1+, currently the 'ssl' module is compiled with 'LibreSSL 2.8.3'. See: https://github.com/urllib3/urllib3/issues/3020
  warnings.warn(
2026-04-06 00:15:01,603 [rivalclaw.quantclaw-consumer] INFO: Queue DB not found — nothing to process
2026-04-06 00:15:01,603 [rivalclaw.quantclaw-consumer] INFO: Done — processed 0 signal(s)
/Users/nayslayer/Library/Python/3.9/lib/python/site-packages/urllib3/__init__.py:35: NotOpenSSLWarning: urllib3 v2 only supports OpenSSL 1.1.1+, currently the 'ssl' module is compiled with 'LibreSSL 2.8.3'. See: https://github.com/urllib3/urllib3/issues/3020
  warnings.warn(
2026-04-06 00:20:01,374 [rivalclaw.quantclaw-consumer] INFO: Queue DB not found — nothing to process
2026-04-06 00:20:01,374 [rivalclaw.quantclaw-consumer] INFO: Done — processed 0 signal(s)
/Users/nayslayer/Library/Python/3.9/lib/python/site-packages/urllib3/__init__.py:35: NotOpenSSLWarning: urllib3 v2 only supports OpenSSL 1.1.1+, currently the 'ssl' module is compiled with 'LibreSSL 2.8.3'. See: https://github.com/urllib3/urllib3/issues/3020
  warnings.warn(
2026-04-06 00:25:01,444 [rivalclaw.quantclaw-consumer] INFO: Queue DB not found — nothing to process
2026-04-06 00:25:01,444 [rivalclaw.quantclaw-consumer] INFO: Done — processed 0 signal(s)
/Users/nayslayer/Library/Python/3.9/lib/python/site-packages/urllib3/__init__.py:35: NotOpenSSLWarning: urllib3 v2 only supports OpenSSL 1.1.1+, currently the 'ssl' module is compiled with 'LibreSSL 2.8.3'. See: https://github.com/urllib3/urllib3/issues/3020
  warnings.warn(
2026-04-06 00:30:01,591 [rivalclaw.quantclaw-consumer] INFO: Queue DB not found — nothing to process
2026-04-06 00:30:01,592 [rivalclaw.quantclaw-consumer] INFO: Done — processed 0 signal(s)
/Users/nayslayer/Library/Python/3.9/lib/python/site-packages/urllib3/__init__.py:35: NotOpenSSLWarning: urllib3 v2 only supports OpenSSL 1.1.1+, currently the 'ssl' module is compiled with 'LibreSSL 2.8.3'. See: https://github.com/urllib3/urllib3/issues/3020
  warnings.warn(
2026-04-06 00:35:00,947 [rivalclaw.quantclaw-consumer] INFO: Queue DB not found — nothing to process
2026-04-06 00:35:00,947 [rivalclaw.quantclaw-consumer] INFO: Done — processed 0 signal(s)
/Users/nayslayer/Library/Python/3.9/lib/python/site-packages/urllib3/__init__.py:35: NotOpenSSLWarning: urllib3 v2 only supports OpenSSL 1.1.1+, currently the 'ssl' module is compiled with 'LibreSSL 2.8.3'. See: https://github.com/urllib3/urllib3/issues/3020
  warnings.warn(
2026-04-06 00:40:01,205 [rivalclaw.quantclaw-consumer] INFO: Queue DB not found — nothing to process
2026-04-06 00:40:01,205 [rivalclaw.quantclaw-consumer] INFO: Done — processed 0 signal(s)
/Users/nayslayer/Library/Python/3.9/lib/python/site-packages/urllib3/__init__.py:35: NotOpenSSLWarning: urllib3 v2 only supports OpenSSL 1.1.1+, currently the 'ssl' module is compiled with 'LibreSSL 2.8.3'. See: https://github.com/urllib3/urllib3/issues/3020
  warnings.warn(
2026-04-06 00:45:01,423 [rivalclaw.quantclaw-consumer] INFO: Queue DB not found — nothing to process
2026-04-06 00:45:01,423 [rivalclaw.quantclaw-consumer] INFO: Done — processed 0 signal(s)
/Users/nayslayer/Library/Python/3.9/lib/python/site-packages/urllib3/__init__.py:35: NotOpenSSLWarning: urllib3 v2 only supports OpenSSL 1.1.1+, currently the 'ssl' module is compiled with 'LibreSSL 2.8.3'. See: https://github.com/urllib3/urllib3/issues/3020
  warnings.warn(
2026-04-06 00:50:01,612 [rivalclaw.quantclaw-consumer] INFO: Queue DB not found — nothing to process
2026-04-06 00:50:01,612 [rivalclaw.quantclaw-consumer] INFO: Done — processed 0 signal(s)
/Users/nayslayer/Library/Python/3.9/lib/python/site-packages/urllib3/__init__.py:35: NotOpenSSLWarning: urllib3 v2 only supports OpenSSL 1.1.1+, currently the 'ssl' module is compiled with 'LibreSSL 2.8.3'. See: https://github.com/urllib3/urllib3/issues/3020
  warnings.warn(
2026-04-06 00:55:00,923 [rivalclaw.quantclaw-consumer] INFO: Queue DB not found — nothing to process
2026-04-06 00:55:00,923 [rivalclaw.quantclaw-consumer] INFO: Done — processed 0 signal(s)
/Users/nayslayer/Library/Python/3.9/lib/python/site-packages/urllib3/__init__.py:35: NotOpenSSLWarning: urllib3 v2 only supports OpenSSL 1.1.1+, currently the 'ssl' module is compiled with 'LibreSSL 2.8.3'. See: https://github.com/urllib3/urllib3/issues/3020
  warnings.warn(
2026-04-06 01:00:01,408 [rivalclaw.quantclaw-consumer] INFO: Queue DB not found — nothing to process
2026-04-06 01:00:01,408 [rivalclaw.quantclaw-consumer] INFO: Done — processed 0 signal(s)
/Users/nayslayer/Library/Python/3.9/lib/python/site-packages/urllib3/__init__.py:35: NotOpenSSLWarning: urllib3 v2 only supports OpenSSL 1.1.1+, currently the 'ssl' module is compiled with 'LibreSSL 2.8.3'. See: https://github.com/urllib3/urllib3/issues/3020
  warnings.warn(
2026-04-06 01:05:00,961 [rivalclaw.quantclaw-consumer] INFO: Queue DB not found — nothing to process
2026-04-06 01:05:00,961 [rivalclaw.quantclaw-consumer] INFO: Done — processed 0 signal(s)
/Users/nayslayer/Library/Python/3.9/lib/python/site-packages/urllib3/__init__.py:35: NotOpenSSLWarning: urllib3 v2 only supports OpenSSL 1.1.1+, currently the 'ssl' module is compiled with 'LibreSSL 2.8.3'. See: https://github.com/urllib3/urllib3/issues/3020
  warnings.warn(
2026-04-06 01:10:00,786 [rivalclaw.quantclaw-consumer] INFO: Queue DB not found — nothing to process
2026-04-06 01:10:00,786 [rivalclaw.quantclaw-consumer] INFO: Done — processed 0 signal(s)
/Users/nayslayer/Library/Python/3.9/lib/python/site-packages/urllib3/__init__.py:35: NotOpenSSLWarning: urllib3 v2 only supports OpenSSL 1.1.1+, currently the 'ssl' module is compiled with 'LibreSSL 2.8.3'. See: https://github.com/urllib3/urllib3/issues/3020
  warnings.warn(
2026-04-06 01:15:01,239 [rivalclaw.quantclaw-consumer] INFO: Queue DB not found — nothing to process
2026-04-06 01:15:01,239 [rivalclaw.quantclaw-consumer] INFO: Done — processed 0 signal(s)
/Users/nayslayer/Library/Python/3.9/lib/python/site-packages/urllib3/__init__.py:35: NotOpenSSLWarning: urllib3 v2 only supports OpenSSL 1.1.1+, currently the 'ssl' module is compiled with 'LibreSSL 2.8.3'. See: https://github.com/urllib3/urllib3/issues/3020
  warnings.warn(
2026-04-06 01:20:01,232 [rivalclaw.quantclaw-consumer] INFO: Queue DB not found — nothing to process
2026-04-06 01:20:01,233 [rivalclaw.quantclaw-consumer] INFO: Done — processed 0 signal(s)
/Users/nayslayer/Library/Python/3.9/lib/python/site-packages/urllib3/__init__.py:35: NotOpenSSLWarning: urllib3 v2 only supports OpenSSL 1.1.1+, currently the 'ssl' module is compiled with 'LibreSSL 2.8.3'. See: https://github.com/urllib3/urllib3/issues/3020
  warnings.warn(
2026-04-06 01:25:01,598 [rivalclaw.quantclaw-consumer] INFO: Queue DB not found — nothing to process
2026-04-06 01:25:01,598 [rivalclaw.quantclaw-consumer] INFO: Done — processed 0 signal(s)
/Users/nayslayer/Library/Python/3.9/lib/python/site-packages/urllib3/__init__.py:35: NotOpenSSLWarning: urllib3 v2 only supports OpenSSL 1.1.1+, currently the 'ssl' module is compiled with 'LibreSSL 2.8.3'. See: https://github.com/urllib3/urllib3/issues/3020
  warnings.warn(
2026-04-06 01:30:01,601 [rivalclaw.quantclaw-consumer] INFO: Queue DB not found — nothing to process
2026-04-06 01:30:01,601 [rivalclaw.quantclaw-consumer] INFO: Done — processed 0 signal(s)
/Users/nayslayer/Library/Python/3.9/lib/python/site-packages/urllib3/__init__.py:35: NotOpenSSLWarning: urllib3 v2 only supports OpenSSL 1.1.1+, currently the 'ssl' module is compiled with 'LibreSSL 2.8.3'. See: https://github.com/urllib3/urllib3/issues/3020
  warnings.warn(
2026-04-06 01:35:01,815 [rivalclaw.quantclaw-consumer] INFO: Queue DB not found — nothing to process
2026-04-06 01:35:01,815 [rivalclaw.quantclaw-consumer] INFO: Done — processed 0 signal(s)
/Users/nayslayer/Library/Python/3.9/lib/python/site-packages/urllib3/__init__.py:35: NotOpenSSLWarning: urllib3 v2 only supports OpenSSL 1.1.1+, currently the 'ssl' module is compiled with 'LibreSSL 2.8.3'. See: https://github.com/urllib3/urllib3/issues/3020
  warnings.warn(
2026-04-06 01:40:01,184 [rivalclaw.quantclaw-consumer] INFO: Queue DB not found — nothing to process
2026-04-06 01:40:01,184 [rivalclaw.quantclaw-consumer] INFO: Done — processed 0 signal(s)
/Users/nayslayer/Library/Python/3.9/lib/python/site-packages/urllib3/__init__.py:35: NotOpenSSLWarning: urllib3 v2 only supports OpenSSL 1.1.1+, currently the 'ssl' module is compiled with 'LibreSSL 2.8.3'. See: https://github.com/urllib3/urllib3/issues/3020
  warnings.warn(
2026-04-06 01:45:01,386 [rivalclaw.quantclaw-consumer] INFO: Queue DB not found — nothing to process
2026-04-06 01:45:01,386 [rivalclaw.quantclaw-consumer] INFO: Done — processed 0 signal(s)
/Users/nayslayer/Library/Python/3.9/lib/python/site-packages/urllib3/__init__.py:35: NotOpenSSLWarning: urllib3 v2 only supports OpenSSL 1.1.1+, currently the 'ssl' module is compiled with 'LibreSSL 2.8.3'. See: https://github.com/urllib3/urllib3/issues/3020
  warnings.warn(
2026-04-06 01:50:00,907 [rivalclaw.quantclaw-consumer] INFO: Queue DB not found — nothing to process
2026-04-06 01:50:00,907 [rivalclaw.quantclaw-consumer] INFO: Done — processed 0 signal(s)
/Users/nayslayer/Library/Python/3.9/lib/python/site-packages/urllib3/__init__.py:35: NotOpenSSLWarning: urllib3 v2 only supports OpenSSL 1.1.1+, currently the 'ssl' module is compiled with 'LibreSSL 2.8.3'. See: https://github.com/urllib3/urllib3/issues/3020
  warnings.warn(
2026-04-06 01:55:01,325 [rivalclaw.quantclaw-consumer] INFO: Queue DB not found — nothing to process
2026-04-06 01:55:01,325 [rivalclaw.quantclaw-consumer] INFO: Done — processed 0 signal(s)
/Users/nayslayer/Library/Python/3.9/lib/python/site-packages/urllib3/__init__.py:35: NotOpenSSLWarning: urllib3 v2 only supports OpenSSL 1.1.1+, currently the 'ssl' module is compiled with 'LibreSSL 2.8.3'. See: https://github.com/urllib3/urllib3/issues/3020
  warnings.warn(
2026-04-06 02:00:01,661 [rivalclaw.quantclaw-consumer] INFO: Queue DB not found — nothing to process
2026-04-06 02:00:01,661 [rivalclaw.quantclaw-consumer] INFO: Done — processed 0 signal(s)
/Users/nayslayer/Library/Python/3.9/lib/python/site-packages/urllib3/__init__.py:35: NotOpenSSLWarning: urllib3 v2 only supports OpenSSL 1.1.1+, currently the 'ssl' module is compiled with 'LibreSSL 2.8.3'. See: https://github.com/urllib3/urllib3/issues/3020
  warnings.warn(
2026-04-06 02:05:01,744 [rivalclaw.quantclaw-consumer] INFO: Queue DB not found — nothing to process
2026-04-06 02:05:01,745 [rivalclaw.quantclaw-consumer] INFO: Done — processed 0 signal(s)
/Users/nayslayer/Library/Python/3.9/lib/python/site-packages/urllib3/__init__.py:35: NotOpenSSLWarning: urllib3 v2 only supports OpenSSL 1.1.1+, currently the 'ssl' module is compiled with 'LibreSSL 2.8.3'. See: https://github.com/urllib3/urllib3/issues/3020
  warnings.warn(
2026-04-06 02:10:01,572 [rivalclaw.quantclaw-consumer] INFO: Queue DB not found — nothing to process
2026-04-06 02:10:01,572 [rivalclaw.quantclaw-consumer] INFO: Done — processed 0 signal(s)
/Users/nayslayer/Library/Python/3.9/lib/python/site-packages/urllib3/__init__.py:35: NotOpenSSLWarning: urllib3 v2 only supports OpenSSL 1.1.1+, currently the 'ssl' module is compiled with 'LibreSSL 2.8.3'. See: https://github.com/urllib3/urllib3/issues/3020
  warnings.warn(
2026-04-06 02:15:01,089 [rivalclaw.quantclaw-consumer] INFO: Queue DB not found — nothing to process
2026-04-06 02:15:01,090 [rivalclaw.quantclaw-consumer] INFO: Done — processed 0 signal(s)
/Users/nayslayer/Library/Python/3.9/lib/python/site-packages/urllib3/__init__.py:35: NotOpenSSLWarning: urllib3 v2 only supports OpenSSL 1.1.1+, currently the 'ssl' module is compiled with 'LibreSSL 2.8.3'. See: https://github.com/urllib3/urllib3/issues/3020
  warnings.warn(
2026-04-06 02:20:01,561 [rivalclaw.quantclaw-consumer] INFO: Queue DB not found — nothing to process
2026-04-06 02:20:01,562 [rivalclaw.quantclaw-consumer] INFO: Done — processed 0 signal(s)
/Users/nayslayer/Library/Python/3.9/lib/python/site-packages/urllib3/__init__.py:35: NotOpenSSLWarning: urllib3 v2 only supports OpenSSL 1.1.1+, currently the 'ssl' module is compiled with 'LibreSSL 2.8.3'. See: https://github.com/urllib3/urllib3/issues/3020
  warnings.warn(
2026-04-06 02:25:01,159 [rivalclaw.quantclaw-consumer] INFO: Queue DB not found — nothing to process
2026-04-06 02:25:01,159 [rivalclaw.quantclaw-consumer] INFO: Done — processed 0 signal(s)
/Users/nayslayer/Library/Python/3.9/lib/python/site-packages/urllib3/__init__.py:35: NotOpenSSLWarning: urllib3 v2 only supports OpenSSL 1.1.1+, currently the 'ssl' module is compiled with 'LibreSSL 2.8.3'. See: https://github.com/urllib3/urllib3/issues/3020
  warnings.warn(
2026-04-06 02:30:01,188 [rivalclaw.quantclaw-consumer] INFO: Queue DB not found — nothing to process
2026-04-06 02:30:01,188 [rivalclaw.quantclaw-consumer] INFO: Done — processed 0 signal(s)
/Users/nayslayer/Library/Python/3.9/lib/python/site-packages/urllib3/__init__.py:35: NotOpenSSLWarning: urllib3 v2 only supports OpenSSL 1.1.1+, currently the 'ssl' module is compiled with 'LibreSSL 2.8.3'. See: https://github.com/urllib3/urllib3/issues/3020
  warnings.warn(
2026-04-06 02:35:01,168 [rivalclaw.quantclaw-consumer] INFO: Queue DB not found — nothing to process
2026-04-06 02:35:01,168 [rivalclaw.quantclaw-consumer] INFO: Done — processed 0 signal(s)
/Users/nayslayer/Library/Python/3.9/lib/python/site-packages/urllib3/__init__.py:35: NotOpenSSLWarning: urllib3 v2 only supports OpenSSL 1.1.1+, currently the 'ssl' module is compiled with 'LibreSSL 2.8.3'. See: https://github.com/urllib3/urllib3/issues/3020
  warnings.warn(
2026-04-06 02:40:00,865 [rivalclaw.quantclaw-consumer] INFO: Queue DB not found — nothing to process
2026-04-06 02:40:00,865 [rivalclaw.quantclaw-consumer] INFO: Done — processed 0 signal(s)
/Users/nayslayer/Library/Python/3.9/lib/python/site-packages/urllib3/__init__.py:35: NotOpenSSLWarning: urllib3 v2 only supports OpenSSL 1.1.1+, currently the 'ssl' module is compiled with 'LibreSSL 2.8.3'. See: https://github.com/urllib3/urllib3/issues/3020
  warnings.warn(
2026-04-06 02:45:00,667 [rivalclaw.quantclaw-consumer] INFO: Queue DB not found — nothing to process
2026-04-06 02:45:00,667 [rivalclaw.quantclaw-consumer] INFO: Done — processed 0 signal(s)
